#
# There is insufficient memory for the Java Runtime Environment to continue.
# Native memory allocation (malloc) failed to allocate 1752272 bytes. Error detail: Chunk::new
# Possible reasons:
#   The system is out of physical RAM or swap space
#   This process is running with CompressedOops enabled, and the Java Heap may be blocking the growth of the native heap
# Possible solutions:
#   Reduce memory load on the system
#   Increase physical memory or swap space
#   Check if swap backing store is full
#   Decrease Java heap size (-Xmx/-Xms)
#   Decrease number of Java threads
#   Decrease Java thread stack sizes (-Xss)
#   Set larger code cache with -XX:ReservedCodeCacheSize=
#   JVM is running with Unscaled Compressed Oops mode in which the Java heap is
#     placed in the first 4GB address space. The Java Heap base address is the
#     maximum limit for the native heap growth. Please use -XX:HeapBaseMinAddress
#     to set the Java Heap base and to place the Java Heap above 4GB virtual address.
# This output file may be truncated or incomplete.
#
#  Out of Memory Error (arena.cpp:168), pid=18760, tid=2556
#
# JRE version: OpenJDK Runtime Environment (21.0.6) (build 21.0.6+-13368085-b895.109)
# Java VM: OpenJDK 64-Bit Server VM (21.0.6+-13368085-b895.109, mixed mode, tiered, compressed oops, compressed class ptrs, g1 gc, windows-amd64)
# No core dump will be written. Minidumps are not enabled by default on client versions of Windows
#

---------------  S U M M A R Y ------------

Command Line: org.jetbrains.kotlin.cli.jvm.K2JVMCompiler @D:\Android Project\ShoppingCart\app\build\20250519_8792923351497177721.compiler.options

Host: 11th Gen Intel(R) Core(TM) i5-11260H @ 2.60GHz, 12 cores, 7G,  Windows 11 , 64 bit Build 26100 (10.0.26100.3912)
Time: Mon May 19 14:23:44 2025 India Standard Time elapsed time: 4.699027 seconds (0d 0h 0m 4s)

---------------  T H R E A D  ---------------

Current thread (0x0000016cee495350):  JavaThread "C2 CompilerThread0" daemon [_thread_in_native, id=2556, stack(0x0000002c41a00000,0x0000002c41b00000) (1024K)]


Current CompileTask:
C2:4699 3702   !   4       jdk.internal.loader.BuiltinClassLoader::findClassOnClassPathOrNull (64 bytes)

Stack: [0x0000002c41a00000,0x0000002c41b00000]
Native frames: (J=compiled Java code, j=interpreted, Vv=VM code, C=native code)
V  [jvm.dll+0x6d0639]
V  [jvm.dll+0x85eb03]
V  [jvm.dll+0x86105e]
V  [jvm.dll+0x861743]
V  [jvm.dll+0x27e6e6]
V  [jvm.dll+0xbff6d]
V  [jvm.dll+0xc04a3]
V  [jvm.dll+0x3b61ab]
V  [jvm.dll+0x1de872]
V  [jvm.dll+0x247dd4]
V  [jvm.dll+0x247251]
V  [jvm.dll+0x1c5f04]
V  [jvm.dll+0x2569ac]
V  [jvm.dll+0x254ef6]
V  [jvm.dll+0x3f0e96]
V  [jvm.dll+0x806ed8]
V  [jvm.dll+0x6cef0d]
C  [ucrtbase.dll+0x37b0]
C  [KERNEL32.DLL+0x2e8d7]
C  [ntdll.dll+0x9c5dc]


---------------  P R O C E S S  ---------------

Threads class SMR info:
_java_thread_list=0x0000016cf4221910, length=13, elements={
0x0000016cd4503580, 0x0000016cee492510, 0x0000016cee492f60, 0x0000016cee4af100,
0x0000016cee47e2f0, 0x0000016cee47ed40, 0x0000016cee4949c0, 0x0000016cee495350,
0x0000016cee474700, 0x0000016cee6586d0, 0x0000016cee661c20, 0x0000016cee6d7f00,
0x0000016cf665b680
}

Java Threads: ( => current thread )
  0x0000016cd4503580 JavaThread "main"                              [_thread_in_vm, id=4280, stack(0x0000002c40c00000,0x0000002c40d00000) (1024K)]
  0x0000016cee492510 JavaThread "Reference Handler"          daemon [_thread_blocked, id=6664, stack(0x0000002c41400000,0x0000002c41500000) (1024K)]
  0x0000016cee492f60 JavaThread "Finalizer"                  daemon [_thread_blocked, id=17840, stack(0x0000002c41500000,0x0000002c41600000) (1024K)]
  0x0000016cee4af100 JavaThread "Signal Dispatcher"          daemon [_thread_blocked, id=8768, stack(0x0000002c41600000,0x0000002c41700000) (1024K)]
  0x0000016cee47e2f0 JavaThread "Attach Listener"            daemon [_thread_blocked, id=4824, stack(0x0000002c41700000,0x0000002c41800000) (1024K)]
  0x0000016cee47ed40 JavaThread "Service Thread"             daemon [_thread_blocked, id=13772, stack(0x0000002c41800000,0x0000002c41900000) (1024K)]
  0x0000016cee4949c0 JavaThread "Monitor Deflation Thread"   daemon [_thread_blocked, id=18744, stack(0x0000002c41900000,0x0000002c41a00000) (1024K)]
=>0x0000016cee495350 JavaThread "C2 CompilerThread0"         daemon [_thread_in_native, id=2556, stack(0x0000002c41a00000,0x0000002c41b00000) (1024K)]
  0x0000016cee474700 JavaThread "C1 CompilerThread0"         daemon [_thread_blocked, id=13356, stack(0x0000002c41b00000,0x0000002c41c00000) (1024K)]
  0x0000016cee6586d0 JavaThread "Notification Thread"        daemon [_thread_blocked, id=18224, stack(0x0000002c41c00000,0x0000002c41d00000) (1024K)]
  0x0000016cee661c20 JavaThread "Common-Cleaner"             daemon [_thread_blocked, id=3656, stack(0x0000002c41d00000,0x0000002c41e00000) (1024K)]
  0x0000016cee6d7f00 JavaThread "C2 CompilerThread1"         daemon [_thread_in_native, id=2132, stack(0x0000002c41e00000,0x0000002c41f00000) (1024K)]
  0x0000016cf665b680 JavaThread "C2 CompilerThread2"         daemon [_thread_in_native, id=14148, stack(0x0000002c41f00000,0x0000002c42000000) (1024K)]
Total: 13

Other Threads:
  0x0000016cee4285f0 VMThread "VM Thread"                           [id=15540, stack(0x0000002c41300000,0x0000002c41400000) (1024K)]
  0x0000016cee2626b0 WatcherThread "VM Periodic Task Thread"        [id=8596, stack(0x0000002c41200000,0x0000002c41300000) (1024K)]
  0x0000016cd692c710 WorkerThread "GC Thread#0"                     [id=10740, stack(0x0000002c40d00000,0x0000002c40e00000) (1024K)]
  0x0000016cf358cbb0 WorkerThread "GC Thread#1"                     [id=13536, stack(0x0000002c42000000,0x0000002c42100000) (1024K)]
  0x0000016cf35a2630 WorkerThread "GC Thread#2"                     [id=18676, stack(0x0000002c42100000,0x0000002c42200000) (1024K)]
  0x0000016cf3598520 WorkerThread "GC Thread#3"                     [id=10440, stack(0x0000002c42200000,0x0000002c42300000) (1024K)]
  0x0000016cf3598cc0 WorkerThread "GC Thread#4"                     [id=13484, stack(0x0000002c42300000,0x0000002c42400000) (1024K)]
  0x0000016cf35ff680 WorkerThread "GC Thread#5"                     [id=4936, stack(0x0000002c42400000,0x0000002c42500000) (1024K)]
  0x0000016cf36b1980 WorkerThread "GC Thread#6"                     [id=13660, stack(0x0000002c42500000,0x0000002c42600000) (1024K)]
  0x0000016cf36b1d20 WorkerThread "GC Thread#7"                     [id=2104, stack(0x0000002c42600000,0x0000002c42700000) (1024K)]
  0x0000016cf3f36e60 WorkerThread "GC Thread#8"                     [id=15448, stack(0x0000002c42900000,0x0000002c42a00000) (1024K)]
  0x0000016cf3f375a0 WorkerThread "GC Thread#9"                     [id=15588, stack(0x0000002c42a00000,0x0000002c42b00000) (1024K)]
  0x0000016cd693cdb0 ConcurrentGCThread "G1 Main Marker"            [id=10748, stack(0x0000002c40e00000,0x0000002c40f00000) (1024K)]
  0x0000016cd693ef00 WorkerThread "G1 Conc#0"                       [id=6648, stack(0x0000002c40f00000,0x0000002c41000000) (1024K)]
  0x0000016cf36b0760 WorkerThread "G1 Conc#1"                       [id=14096, stack(0x0000002c42700000,0x0000002c42800000) (1024K)]
  0x0000016cf36b0b00 WorkerThread "G1 Conc#2"                       [id=10116, stack(0x0000002c42800000,0x0000002c42900000) (1024K)]
  0x0000016cd699eb60 ConcurrentGCThread "G1 Refine#0"               [id=7304, stack(0x0000002c41000000,0x0000002c41100000) (1024K)]
  0x0000016cee133b70 ConcurrentGCThread "G1 Service"                [id=10152, stack(0x0000002c41100000,0x0000002c41200000) (1024K)]
Total: 18

Threads with active compile tasks:
C2 CompilerThread0  4709 3702   !   4       jdk.internal.loader.BuiltinClassLoader::findClassOnClassPathOrNull (64 bytes)
C2 CompilerThread1  4709 3882       4       java.lang.ClassLoader::getDefinedPackage (36 bytes)
C2 CompilerThread2  4709 3852   !   4       jdk.internal.loader.BuiltinClassLoader::loadClassOrNull (143 bytes)
Total: 3

VM state: not at safepoint (normal execution)

VM Mutex/Monitor currently owned by a thread: None

Heap address: 0x0000000084a00000, size: 1974 MB, Compressed Oops mode: 32-bit

CDS archive(s) not mapped
Compressed class space mapped at: 0x0000000100000000-0x0000000140000000, reserved size: 1073741824
Narrow klass base: 0x0000000000000000, Narrow klass shift: 3, Narrow klass range: 0x140000000

GC Precious Log:
 CardTable entry size: 512
 Card Set container configuration: InlinePtr #cards 5 size 8 Array Of Cards #cards 12 size 40 Howl #buckets 4 coarsen threshold 1843 Howl Bitmap #cards 512 size 80 coarsen threshold 460 Card regions per heap region 1 cards per card region 2048
 CPUs: 12 total, 12 available
 Memory: 7893M
 Large Page Support: Disabled
 NUMA Support: Disabled
 Compressed Oops: Enabled (32-bit)
 Heap Region Size: 1M
 Heap Min Capacity: 8M
 Heap Initial Capacity: 124M
 Heap Max Capacity: 1974M
 Pre-touch: Disabled
 Parallel Workers: 10
 Concurrent Workers: 3
 Concurrent Refinement Workers: 10
 Periodic GC: Disabled

Heap:
 garbage-first heap   total 166912K, used 46393K [0x0000000084a00000, 0x0000000100000000)
  region size 1024K, 9 young (9216K), 2 survivors (2048K)
 Metaspace       used 52476K, committed 52736K, reserved 1114112K
  class space    used 6041K, committed 6144K, reserved 1048576K

Heap Regions: E=young(eden), S=young(survivor), O=old, HS=humongous(starts), HC=humongous(continues), CS=collection set, F=free, TAMS=top-at-mark-start, PB=parsable bottom
|   0|0x0000000084a00000, 0x0000000084b00000, 0x0000000084b00000|100%|HS|  |TAMS 0x0000000084a00000| PB 0x0000000084a00000| Complete 
|   1|0x0000000084b00000, 0x0000000084c00000, 0x0000000084c00000|100%|HC|  |TAMS 0x0000000084b00000| PB 0x0000000084b00000| Complete 
|   2|0x0000000084c00000, 0x0000000084d00000, 0x0000000084d00000|100%|HC|  |TAMS 0x0000000084c00000| PB 0x0000000084c00000| Complete 
|   3|0x0000000084d00000, 0x0000000084e00000, 0x0000000084e00000|100%| O|  |TAMS 0x0000000084d00000| PB 0x0000000084d00000| Untracked 
|   4|0x0000000084e00000, 0x0000000084f00000, 0x0000000084f00000|100%| O|  |TAMS 0x0000000084e00000| PB 0x0000000084e00000| Untracked 
|   5|0x0000000084f00000, 0x0000000084fed200, 0x0000000085000000| 92%| O|  |TAMS 0x0000000084f00000| PB 0x0000000084f00000| Untracked 
|   6|0x0000000085000000, 0x0000000085100000, 0x0000000085100000|100%| O|  |TAMS 0x0000000085000000| PB 0x0000000085000000| Untracked 
|   7|0x0000000085100000, 0x0000000085200000, 0x0000000085200000|100%| O|  |TAMS 0x0000000085100000| PB 0x0000000085100000| Untracked 
|   8|0x0000000085200000, 0x0000000085300000, 0x0000000085300000|100%| O|  |TAMS 0x0000000085200000| PB 0x0000000085200000| Untracked 
|   9|0x0000000085300000, 0x0000000085400000, 0x0000000085400000|100%| O|  |TAMS 0x0000000085300000| PB 0x0000000085300000| Untracked 
|  10|0x0000000085400000, 0x0000000085500000, 0x0000000085500000|100%| O|  |TAMS 0x0000000085400000| PB 0x0000000085400000| Untracked 
|  11|0x0000000085500000, 0x0000000085600000, 0x0000000085600000|100%| O|  |TAMS 0x0000000085500000| PB 0x0000000085500000| Untracked 
|  12|0x0000000085600000, 0x0000000085700000, 0x0000000085700000|100%| O|  |TAMS 0x0000000085600000| PB 0x0000000085600000| Untracked 
|  13|0x0000000085700000, 0x0000000085800000, 0x0000000085800000|100%| O|  |TAMS 0x0000000085700000| PB 0x0000000085700000| Untracked 
|  14|0x0000000085800000, 0x0000000085900000, 0x0000000085900000|100%| O|  |TAMS 0x0000000085800000| PB 0x0000000085800000| Untracked 
|  15|0x0000000085900000, 0x0000000085a00000, 0x0000000085a00000|100%| O|  |TAMS 0x0000000085900000| PB 0x0000000085900000| Untracked 
|  16|0x0000000085a00000, 0x0000000085b00000, 0x0000000085b00000|100%| O|  |TAMS 0x0000000085a00000| PB 0x0000000085a00000| Untracked 
|  17|0x0000000085b00000, 0x0000000085c00000, 0x0000000085c00000|100%| O|  |TAMS 0x0000000085b00000| PB 0x0000000085b00000| Untracked 
|  18|0x0000000085c00000, 0x0000000085d00000, 0x0000000085d00000|100%| O|  |TAMS 0x0000000085c00000| PB 0x0000000085c00000| Untracked 
|  19|0x0000000085d00000, 0x0000000085e00000, 0x0000000085e00000|100%| O|  |TAMS 0x0000000085d00000| PB 0x0000000085d00000| Untracked 
|  20|0x0000000085e00000, 0x0000000085e00000, 0x0000000085f00000|  0%| F|  |TAMS 0x0000000085e00000| PB 0x0000000085e00000| Untracked 
|  21|0x0000000085f00000, 0x0000000086000000, 0x0000000086000000|100%|HS|  |TAMS 0x0000000085f00000| PB 0x0000000085f00000| Complete 
|  22|0x0000000086000000, 0x0000000086100000, 0x0000000086100000|100%| O|  |TAMS 0x0000000086000000| PB 0x0000000086000000| Untracked 
|  23|0x0000000086100000, 0x0000000086200000, 0x0000000086200000|100%| O|  |TAMS 0x0000000086100000| PB 0x0000000086100000| Untracked 
|  24|0x0000000086200000, 0x0000000086300000, 0x0000000086300000|100%| O|  |TAMS 0x0000000086200000| PB 0x0000000086200000| Untracked 
|  25|0x0000000086300000, 0x0000000086400000, 0x0000000086400000|100%| O|  |TAMS 0x0000000086300000| PB 0x0000000086300000| Untracked 
|  26|0x0000000086400000, 0x0000000086500000, 0x0000000086500000|100%| O|  |TAMS 0x0000000086400000| PB 0x0000000086400000| Untracked 
|  27|0x0000000086500000, 0x0000000086600000, 0x0000000086600000|100%| O|  |TAMS 0x0000000086500000| PB 0x0000000086500000| Untracked 
|  28|0x0000000086600000, 0x0000000086700000, 0x0000000086700000|100%| O|  |TAMS 0x0000000086600000| PB 0x0000000086600000| Untracked 
|  29|0x0000000086700000, 0x0000000086800000, 0x0000000086800000|100%| O|  |TAMS 0x0000000086700000| PB 0x0000000086700000| Untracked 
|  30|0x0000000086800000, 0x0000000086900000, 0x0000000086900000|100%| O|  |TAMS 0x0000000086800000| PB 0x0000000086800000| Untracked 
|  31|0x0000000086900000, 0x0000000086a00000, 0x0000000086a00000|100%| O|  |TAMS 0x0000000086900000| PB 0x0000000086900000| Untracked 
|  32|0x0000000086a00000, 0x0000000086b00000, 0x0000000086b00000|100%| O|  |TAMS 0x0000000086a00000| PB 0x0000000086a00000| Untracked 
|  33|0x0000000086b00000, 0x0000000086c00000, 0x0000000086c00000|100%| O|  |TAMS 0x0000000086b00000| PB 0x0000000086b00000| Untracked 
|  34|0x0000000086c00000, 0x0000000086d00000, 0x0000000086d00000|100%| O|  |TAMS 0x0000000086c00000| PB 0x0000000086c00000| Untracked 
|  35|0x0000000086d00000, 0x0000000086e00000, 0x0000000086e00000|100%| O|  |TAMS 0x0000000086d00000| PB 0x0000000086d00000| Untracked 
|  36|0x0000000086e00000, 0x0000000086e615b8, 0x0000000086f00000| 38%| O|  |TAMS 0x0000000086e00000| PB 0x0000000086e00000| Untracked 
|  37|0x0000000086f00000, 0x0000000086f00000, 0x0000000087000000|  0%| F|  |TAMS 0x0000000086f00000| PB 0x0000000086f00000| Untracked 
|  38|0x0000000087000000, 0x0000000087000000, 0x0000000087100000|  0%| F|  |TAMS 0x0000000087000000| PB 0x0000000087000000| Untracked 
|  39|0x0000000087100000, 0x0000000087100000, 0x0000000087200000|  0%| F|  |TAMS 0x0000000087100000| PB 0x0000000087100000| Untracked 
|  40|0x0000000087200000, 0x0000000087200000, 0x0000000087300000|  0%| F|  |TAMS 0x0000000087200000| PB 0x0000000087200000| Untracked 
|  41|0x0000000087300000, 0x0000000087300000, 0x0000000087400000|  0%| F|  |TAMS 0x0000000087300000| PB 0x0000000087300000| Untracked 
|  42|0x0000000087400000, 0x0000000087500000, 0x0000000087500000|100%| S|CS|TAMS 0x0000000087400000| PB 0x0000000087400000| Complete 
|  43|0x0000000087500000, 0x0000000087600000, 0x0000000087600000|100%| S|CS|TAMS 0x0000000087500000| PB 0x0000000087500000| Complete 
|  44|0x0000000087600000, 0x0000000087600000, 0x0000000087700000|  0%| F|  |TAMS 0x0000000087600000| PB 0x0000000087600000| Untracked 
|  45|0x0000000087700000, 0x0000000087700000, 0x0000000087800000|  0%| F|  |TAMS 0x0000000087700000| PB 0x0000000087700000| Untracked 
|  46|0x0000000087800000, 0x0000000087800000, 0x0000000087900000|  0%| F|  |TAMS 0x0000000087800000| PB 0x0000000087800000| Untracked 
|  47|0x0000000087900000, 0x0000000087900000, 0x0000000087a00000|  0%| F|  |TAMS 0x0000000087900000| PB 0x0000000087900000| Untracked 
|  48|0x0000000087a00000, 0x0000000087a00000, 0x0000000087b00000|  0%| F|  |TAMS 0x0000000087a00000| PB 0x0000000087a00000| Untracked 
|  49|0x0000000087b00000, 0x0000000087b00000, 0x0000000087c00000|  0%| F|  |TAMS 0x0000000087b00000| PB 0x0000000087b00000| Untracked 
|  50|0x0000000087c00000, 0x0000000087c00000, 0x0000000087d00000|  0%| F|  |TAMS 0x0000000087c00000| PB 0x0000000087c00000| Untracked 
|  51|0x0000000087d00000, 0x0000000087d00000, 0x0000000087e00000|  0%| F|  |TAMS 0x0000000087d00000| PB 0x0000000087d00000| Untracked 
|  52|0x0000000087e00000, 0x0000000087e00000, 0x0000000087f00000|  0%| F|  |TAMS 0x0000000087e00000| PB 0x0000000087e00000| Untracked 
|  53|0x0000000087f00000, 0x0000000087f00000, 0x0000000088000000|  0%| F|  |TAMS 0x0000000087f00000| PB 0x0000000087f00000| Untracked 
|  54|0x0000000088000000, 0x0000000088000000, 0x0000000088100000|  0%| F|  |TAMS 0x0000000088000000| PB 0x0000000088000000| Untracked 
|  55|0x0000000088100000, 0x0000000088100000, 0x0000000088200000|  0%| F|  |TAMS 0x0000000088100000| PB 0x0000000088100000| Untracked 
|  56|0x0000000088200000, 0x0000000088200000, 0x0000000088300000|  0%| F|  |TAMS 0x0000000088200000| PB 0x0000000088200000| Untracked 
|  57|0x0000000088300000, 0x0000000088300000, 0x0000000088400000|  0%| F|  |TAMS 0x0000000088300000| PB 0x0000000088300000| Untracked 
|  58|0x0000000088400000, 0x0000000088400000, 0x0000000088500000|  0%| F|  |TAMS 0x0000000088400000| PB 0x0000000088400000| Untracked 
|  59|0x0000000088500000, 0x0000000088500000, 0x0000000088600000|  0%| F|  |TAMS 0x0000000088500000| PB 0x0000000088500000| Untracked 
|  60|0x0000000088600000, 0x0000000088600000, 0x0000000088700000|  0%| F|  |TAMS 0x0000000088600000| PB 0x0000000088600000| Untracked 
|  61|0x0000000088700000, 0x0000000088700000, 0x0000000088800000|  0%| F|  |TAMS 0x0000000088700000| PB 0x0000000088700000| Untracked 
|  62|0x0000000088800000, 0x0000000088800000, 0x0000000088900000|  0%| F|  |TAMS 0x0000000088800000| PB 0x0000000088800000| Untracked 
|  63|0x0000000088900000, 0x0000000088900000, 0x0000000088a00000|  0%| F|  |TAMS 0x0000000088900000| PB 0x0000000088900000| Untracked 
|  64|0x0000000088a00000, 0x0000000088a00000, 0x0000000088b00000|  0%| F|  |TAMS 0x0000000088a00000| PB 0x0000000088a00000| Untracked 
|  65|0x0000000088b00000, 0x0000000088b00000, 0x0000000088c00000|  0%| F|  |TAMS 0x0000000088b00000| PB 0x0000000088b00000| Untracked 
|  66|0x0000000088c00000, 0x0000000088c00000, 0x0000000088d00000|  0%| F|  |TAMS 0x0000000088c00000| PB 0x0000000088c00000| Untracked 
|  67|0x0000000088d00000, 0x0000000088d00000, 0x0000000088e00000|  0%| F|  |TAMS 0x0000000088d00000| PB 0x0000000088d00000| Untracked 
|  68|0x0000000088e00000, 0x0000000088e00000, 0x0000000088f00000|  0%| F|  |TAMS 0x0000000088e00000| PB 0x0000000088e00000| Untracked 
|  69|0x0000000088f00000, 0x0000000088f00000, 0x0000000089000000|  0%| F|  |TAMS 0x0000000088f00000| PB 0x0000000088f00000| Untracked 
|  70|0x0000000089000000, 0x0000000089000000, 0x0000000089100000|  0%| F|  |TAMS 0x0000000089000000| PB 0x0000000089000000| Untracked 
|  71|0x0000000089100000, 0x0000000089100000, 0x0000000089200000|  0%| F|  |TAMS 0x0000000089100000| PB 0x0000000089100000| Untracked 
|  72|0x0000000089200000, 0x0000000089200000, 0x0000000089300000|  0%| F|  |TAMS 0x0000000089200000| PB 0x0000000089200000| Untracked 
|  73|0x0000000089300000, 0x0000000089300000, 0x0000000089400000|  0%| F|  |TAMS 0x0000000089300000| PB 0x0000000089300000| Untracked 
|  74|0x0000000089400000, 0x0000000089400000, 0x0000000089500000|  0%| F|  |TAMS 0x0000000089400000| PB 0x0000000089400000| Untracked 
|  75|0x0000000089500000, 0x0000000089500000, 0x0000000089600000|  0%| F|  |TAMS 0x0000000089500000| PB 0x0000000089500000| Untracked 
|  76|0x0000000089600000, 0x0000000089600000, 0x0000000089700000|  0%| F|  |TAMS 0x0000000089600000| PB 0x0000000089600000| Untracked 
|  77|0x0000000089700000, 0x0000000089700000, 0x0000000089800000|  0%| F|  |TAMS 0x0000000089700000| PB 0x0000000089700000| Untracked 
|  78|0x0000000089800000, 0x0000000089800000, 0x0000000089900000|  0%| F|  |TAMS 0x0000000089800000| PB 0x0000000089800000| Untracked 
|  79|0x0000000089900000, 0x0000000089900000, 0x0000000089a00000|  0%| F|  |TAMS 0x0000000089900000| PB 0x0000000089900000| Untracked 
|  80|0x0000000089a00000, 0x0000000089a00000, 0x0000000089b00000|  0%| F|  |TAMS 0x0000000089a00000| PB 0x0000000089a00000| Untracked 
|  81|0x0000000089b00000, 0x0000000089b00000, 0x0000000089c00000|  0%| F|  |TAMS 0x0000000089b00000| PB 0x0000000089b00000| Untracked 
|  82|0x0000000089c00000, 0x0000000089c00000, 0x0000000089d00000|  0%| F|  |TAMS 0x0000000089c00000| PB 0x0000000089c00000| Untracked 
|  83|0x0000000089d00000, 0x0000000089d00000, 0x0000000089e00000|  0%| F|  |TAMS 0x0000000089d00000| PB 0x0000000089d00000| Untracked 
|  84|0x0000000089e00000, 0x0000000089e00000, 0x0000000089f00000|  0%| F|  |TAMS 0x0000000089e00000| PB 0x0000000089e00000| Untracked 
|  85|0x0000000089f00000, 0x0000000089f00000, 0x000000008a000000|  0%| F|  |TAMS 0x0000000089f00000| PB 0x0000000089f00000| Untracked 
|  86|0x000000008a000000, 0x000000008a000000, 0x000000008a100000|  0%| F|  |TAMS 0x000000008a000000| PB 0x000000008a000000| Untracked 
|  87|0x000000008a100000, 0x000000008a100000, 0x000000008a200000|  0%| F|  |TAMS 0x000000008a100000| PB 0x000000008a100000| Untracked 
|  88|0x000000008a200000, 0x000000008a200000, 0x000000008a300000|  0%| F|  |TAMS 0x000000008a200000| PB 0x000000008a200000| Untracked 
|  89|0x000000008a300000, 0x000000008a300000, 0x000000008a400000|  0%| F|  |TAMS 0x000000008a300000| PB 0x000000008a300000| Untracked 
|  90|0x000000008a400000, 0x000000008a400000, 0x000000008a500000|  0%| F|  |TAMS 0x000000008a400000| PB 0x000000008a400000| Untracked 
|  91|0x000000008a500000, 0x000000008a500000, 0x000000008a600000|  0%| F|  |TAMS 0x000000008a500000| PB 0x000000008a500000| Untracked 
|  92|0x000000008a600000, 0x000000008a600000, 0x000000008a700000|  0%| F|  |TAMS 0x000000008a600000| PB 0x000000008a600000| Untracked 
|  93|0x000000008a700000, 0x000000008a700000, 0x000000008a800000|  0%| F|  |TAMS 0x000000008a700000| PB 0x000000008a700000| Untracked 
|  94|0x000000008a800000, 0x000000008a800000, 0x000000008a900000|  0%| F|  |TAMS 0x000000008a800000| PB 0x000000008a800000| Untracked 
|  95|0x000000008a900000, 0x000000008a900000, 0x000000008aa00000|  0%| F|  |TAMS 0x000000008a900000| PB 0x000000008a900000| Untracked 
|  96|0x000000008aa00000, 0x000000008aa00000, 0x000000008ab00000|  0%| F|  |TAMS 0x000000008aa00000| PB 0x000000008aa00000| Untracked 
|  97|0x000000008ab00000, 0x000000008ab00000, 0x000000008ac00000|  0%| F|  |TAMS 0x000000008ab00000| PB 0x000000008ab00000| Untracked 
|  98|0x000000008ac00000, 0x000000008ac00000, 0x000000008ad00000|  0%| F|  |TAMS 0x000000008ac00000| PB 0x000000008ac00000| Untracked 
|  99|0x000000008ad00000, 0x000000008ad00000, 0x000000008ae00000|  0%| F|  |TAMS 0x000000008ad00000| PB 0x000000008ad00000| Untracked 
| 100|0x000000008ae00000, 0x000000008ae00000, 0x000000008af00000|  0%| F|  |TAMS 0x000000008ae00000| PB 0x000000008ae00000| Untracked 
| 101|0x000000008af00000, 0x000000008af00000, 0x000000008b000000|  0%| F|  |TAMS 0x000000008af00000| PB 0x000000008af00000| Untracked 
| 102|0x000000008b000000, 0x000000008b000000, 0x000000008b100000|  0%| F|  |TAMS 0x000000008b000000| PB 0x000000008b000000| Untracked 
| 103|0x000000008b100000, 0x000000008b100000, 0x000000008b200000|  0%| F|  |TAMS 0x000000008b100000| PB 0x000000008b100000| Untracked 
| 104|0x000000008b200000, 0x000000008b200000, 0x000000008b300000|  0%| F|  |TAMS 0x000000008b200000| PB 0x000000008b200000| Untracked 
| 105|0x000000008b300000, 0x000000008b300000, 0x000000008b400000|  0%| F|  |TAMS 0x000000008b300000| PB 0x000000008b300000| Untracked 
| 106|0x000000008b400000, 0x000000008b400000, 0x000000008b500000|  0%| F|  |TAMS 0x000000008b400000| PB 0x000000008b400000| Untracked 
| 107|0x000000008b500000, 0x000000008b500000, 0x000000008b600000|  0%| F|  |TAMS 0x000000008b500000| PB 0x000000008b500000| Untracked 
| 108|0x000000008b600000, 0x000000008b600000, 0x000000008b700000|  0%| F|  |TAMS 0x000000008b600000| PB 0x000000008b600000| Untracked 
| 109|0x000000008b700000, 0x000000008b700000, 0x000000008b800000|  0%| F|  |TAMS 0x000000008b700000| PB 0x000000008b700000| Untracked 
| 110|0x000000008b800000, 0x000000008b800000, 0x000000008b900000|  0%| F|  |TAMS 0x000000008b800000| PB 0x000000008b800000| Untracked 
| 111|0x000000008b900000, 0x000000008b900000, 0x000000008ba00000|  0%| F|  |TAMS 0x000000008b900000| PB 0x000000008b900000| Untracked 
| 112|0x000000008ba00000, 0x000000008ba00000, 0x000000008bb00000|  0%| F|  |TAMS 0x000000008ba00000| PB 0x000000008ba00000| Untracked 
| 113|0x000000008bb00000, 0x000000008bb00000, 0x000000008bc00000|  0%| F|  |TAMS 0x000000008bb00000| PB 0x000000008bb00000| Untracked 
| 114|0x000000008bc00000, 0x000000008bc00000, 0x000000008bd00000|  0%| F|  |TAMS 0x000000008bc00000| PB 0x000000008bc00000| Untracked 
| 115|0x000000008bd00000, 0x000000008bd00000, 0x000000008be00000|  0%| F|  |TAMS 0x000000008bd00000| PB 0x000000008bd00000| Untracked 
| 116|0x000000008be00000, 0x000000008be00000, 0x000000008bf00000|  0%| F|  |TAMS 0x000000008be00000| PB 0x000000008be00000| Untracked 
| 117|0x000000008bf00000, 0x000000008bf00000, 0x000000008c000000|  0%| F|  |TAMS 0x000000008bf00000| PB 0x000000008bf00000| Untracked 
| 118|0x000000008c000000, 0x000000008c000000, 0x000000008c100000|  0%| F|  |TAMS 0x000000008c000000| PB 0x000000008c000000| Untracked 
| 119|0x000000008c100000, 0x000000008c100000, 0x000000008c200000|  0%| F|  |TAMS 0x000000008c100000| PB 0x000000008c100000| Untracked 
| 120|0x000000008c200000, 0x000000008c200000, 0x000000008c300000|  0%| F|  |TAMS 0x000000008c200000| PB 0x000000008c200000| Untracked 
| 121|0x000000008c300000, 0x000000008c300000, 0x000000008c400000|  0%| F|  |TAMS 0x000000008c300000| PB 0x000000008c300000| Untracked 
| 122|0x000000008c400000, 0x000000008c400000, 0x000000008c500000|  0%| F|  |TAMS 0x000000008c400000| PB 0x000000008c400000| Untracked 
| 123|0x000000008c500000, 0x000000008c500000, 0x000000008c600000|  0%| F|  |TAMS 0x000000008c500000| PB 0x000000008c500000| Untracked 
| 124|0x000000008c600000, 0x000000008c600000, 0x000000008c700000|  0%| F|  |TAMS 0x000000008c600000| PB 0x000000008c600000| Untracked 
| 125|0x000000008c700000, 0x000000008c700000, 0x000000008c800000|  0%| F|  |TAMS 0x000000008c700000| PB 0x000000008c700000| Untracked 
| 126|0x000000008c800000, 0x000000008c800000, 0x000000008c900000|  0%| F|  |TAMS 0x000000008c800000| PB 0x000000008c800000| Untracked 
| 127|0x000000008c900000, 0x000000008c900000, 0x000000008ca00000|  0%| F|  |TAMS 0x000000008c900000| PB 0x000000008c900000| Untracked 
| 128|0x000000008ca00000, 0x000000008ca00000, 0x000000008cb00000|  0%| F|  |TAMS 0x000000008ca00000| PB 0x000000008ca00000| Untracked 
| 129|0x000000008cb00000, 0x000000008cb00000, 0x000000008cc00000|  0%| F|  |TAMS 0x000000008cb00000| PB 0x000000008cb00000| Untracked 
| 130|0x000000008cc00000, 0x000000008cc00000, 0x000000008cd00000|  0%| F|  |TAMS 0x000000008cc00000| PB 0x000000008cc00000| Untracked 
| 131|0x000000008cd00000, 0x000000008cd00000, 0x000000008ce00000|  0%| F|  |TAMS 0x000000008cd00000| PB 0x000000008cd00000| Untracked 
| 132|0x000000008ce00000, 0x000000008ce00000, 0x000000008cf00000|  0%| F|  |TAMS 0x000000008ce00000| PB 0x000000008ce00000| Untracked 
| 133|0x000000008cf00000, 0x000000008cf00000, 0x000000008d000000|  0%| F|  |TAMS 0x000000008cf00000| PB 0x000000008cf00000| Untracked 
| 134|0x000000008d000000, 0x000000008d000000, 0x000000008d100000|  0%| F|  |TAMS 0x000000008d000000| PB 0x000000008d000000| Untracked 
| 135|0x000000008d100000, 0x000000008d100000, 0x000000008d200000|  0%| F|  |TAMS 0x000000008d100000| PB 0x000000008d100000| Untracked 
| 136|0x000000008d200000, 0x000000008d200000, 0x000000008d300000|  0%| F|  |TAMS 0x000000008d200000| PB 0x000000008d200000| Untracked 
| 137|0x000000008d300000, 0x000000008d300000, 0x000000008d400000|  0%| F|  |TAMS 0x000000008d300000| PB 0x000000008d300000| Untracked 
| 138|0x000000008d400000, 0x000000008d400000, 0x000000008d500000|  0%| F|  |TAMS 0x000000008d400000| PB 0x000000008d400000| Untracked 
| 139|0x000000008d500000, 0x000000008d500000, 0x000000008d600000|  0%| F|  |TAMS 0x000000008d500000| PB 0x000000008d500000| Untracked 
| 140|0x000000008d600000, 0x000000008d600000, 0x000000008d700000|  0%| F|  |TAMS 0x000000008d600000| PB 0x000000008d600000| Untracked 
| 141|0x000000008d700000, 0x000000008d700000, 0x000000008d800000|  0%| F|  |TAMS 0x000000008d700000| PB 0x000000008d700000| Untracked 
| 142|0x000000008d800000, 0x000000008d800000, 0x000000008d900000|  0%| F|  |TAMS 0x000000008d800000| PB 0x000000008d800000| Untracked 
| 143|0x000000008d900000, 0x000000008d900000, 0x000000008da00000|  0%| F|  |TAMS 0x000000008d900000| PB 0x000000008d900000| Untracked 
| 144|0x000000008da00000, 0x000000008da00000, 0x000000008db00000|  0%| F|  |TAMS 0x000000008da00000| PB 0x000000008da00000| Untracked 
| 145|0x000000008db00000, 0x000000008db00000, 0x000000008dc00000|  0%| F|  |TAMS 0x000000008db00000| PB 0x000000008db00000| Untracked 
| 146|0x000000008dc00000, 0x000000008dc00000, 0x000000008dd00000|  0%| F|  |TAMS 0x000000008dc00000| PB 0x000000008dc00000| Untracked 
| 147|0x000000008dd00000, 0x000000008dd00000, 0x000000008de00000|  0%| F|  |TAMS 0x000000008dd00000| PB 0x000000008dd00000| Untracked 
| 148|0x000000008de00000, 0x000000008de00000, 0x000000008df00000|  0%| F|  |TAMS 0x000000008de00000| PB 0x000000008de00000| Untracked 
| 149|0x000000008df00000, 0x000000008df00000, 0x000000008e000000|  0%| F|  |TAMS 0x000000008df00000| PB 0x000000008df00000| Untracked 
| 150|0x000000008e000000, 0x000000008e000000, 0x000000008e100000|  0%| F|  |TAMS 0x000000008e000000| PB 0x000000008e000000| Untracked 
| 151|0x000000008e100000, 0x000000008e100000, 0x000000008e200000|  0%| F|  |TAMS 0x000000008e100000| PB 0x000000008e100000| Untracked 
| 152|0x000000008e200000, 0x000000008e200000, 0x000000008e300000|  0%| F|  |TAMS 0x000000008e200000| PB 0x000000008e200000| Untracked 
| 153|0x000000008e300000, 0x000000008e300000, 0x000000008e400000|  0%| F|  |TAMS 0x000000008e300000| PB 0x000000008e300000| Untracked 
| 154|0x000000008e400000, 0x000000008e490880, 0x000000008e500000| 56%| E|  |TAMS 0x000000008e400000| PB 0x000000008e400000| Complete 
| 155|0x000000008e500000, 0x000000008e600000, 0x000000008e600000|100%| E|CS|TAMS 0x000000008e500000| PB 0x000000008e500000| Complete 
| 156|0x000000008e600000, 0x000000008e700000, 0x000000008e700000|100%| E|CS|TAMS 0x000000008e600000| PB 0x000000008e600000| Complete 
| 157|0x000000008e700000, 0x000000008e800000, 0x000000008e800000|100%| E|CS|TAMS 0x000000008e700000| PB 0x000000008e700000| Complete 
| 158|0x000000008e800000, 0x000000008e900000, 0x000000008e900000|100%| E|CS|TAMS 0x000000008e800000| PB 0x000000008e800000| Complete 
| 159|0x000000008e900000, 0x000000008ea00000, 0x000000008ea00000|100%| E|CS|TAMS 0x000000008e900000| PB 0x000000008e900000| Complete 
| 160|0x000000008ea00000, 0x000000008eb00000, 0x000000008eb00000|100%| E|CS|TAMS 0x000000008ea00000| PB 0x000000008ea00000| Complete 
|1972|0x00000000ffe00000, 0x00000000fff00000, 0x00000000fff00000|100%| O|  |TAMS 0x00000000ffe00000| PB 0x00000000ffe00000| Untracked 
|1973|0x00000000fff00000, 0x0000000100000000, 0x0000000100000000|100%| O|  |TAMS 0x00000000fff00000| PB 0x00000000fff00000| Untracked 

Card table byte_map: [0x0000016ce9360000,0x0000016ce9740000] _byte_map_base: 0x0000016ce8f3b000

Marking Bits: (CMBitMap*) 0x0000016cd692ce10
 Bits: [0x0000016ce9740000, 0x0000016ceb618000)

Polling page: 0x0000016cd4710000

Metaspace:

Usage:
  Non-class:     45.39 MB used.
      Class:      5.91 MB used.
       Both:     51.30 MB used.

Virtual space:
  Non-class space:       64.00 MB reserved,      45.50 MB ( 71%) committed,  1 nodes.
      Class space:        1.00 GB reserved,       6.06 MB ( <1%) committed,  1 nodes.
             Both:        1.06 GB reserved,      51.56 MB (  5%) committed. 

Chunk freelists:
   Non-Class:  1.63 MB
       Class:  9.92 MB
        Both:  11.55 MB

MaxMetaspaceSize: unlimited
CompressedClassSpaceSize: 1.00 GB
Initial GC threshold: 21.00 MB
Current GC threshold: 80.44 MB
CDS: off
 - commit_granule_bytes: 65536.
 - commit_granule_words: 8192.
 - virtual_space_node_default_size: 8388608.
 - enlarge_chunks_in_place: 1.
 - use_allocation_guard: 0.


Internal statistics:

num_allocs_failed_limit: 3.
num_arena_births: 244.
num_arena_deaths: 0.
num_vsnodes_births: 2.
num_vsnodes_deaths: 0.
num_space_committed: 824.
num_space_uncommitted: 0.
num_chunks_returned_to_freelist: 3.
num_chunks_taken_from_freelist: 1797.
num_chunk_merges: 3.
num_chunk_splits: 1479.
num_chunks_enlarged: 1337.
num_inconsistent_stats: 0.

CodeHeap 'non-profiled nmethods': size=120000Kb used=2003Kb max_used=2003Kb free=117996Kb
 bounds [0x0000016ce1500000, 0x0000016ce1770000, 0x0000016ce8a30000]
CodeHeap 'profiled nmethods': size=120000Kb used=7247Kb max_used=7247Kb free=112752Kb
 bounds [0x0000016cd9a30000, 0x0000016cda150000, 0x0000016ce0f60000]
CodeHeap 'non-nmethods': size=5760Kb used=1742Kb max_used=1817Kb free=4017Kb
 bounds [0x0000016ce0f60000, 0x0000016ce11d0000, 0x0000016ce1500000]
 total_blobs=4232 nmethods=3594 adapters=542
 compilation: enabled
              stopped_count=0, restarted_count=0
 full_count=0

Compilation events (20 events):
Event: 2.621 Thread 0x0000016cee474700 nmethod 3873 0x0000016cda13bd90 code [0x0000016cda13c0c0, 0x0000016cda13d3c8]
Event: 2.626 Thread 0x0000016cee474700 3874       3       java.lang.invoke.MethodType::dropParameterTypes (162 bytes)
Event: 2.627 Thread 0x0000016cee474700 nmethod 3874 0x0000016cda13dc90 code [0x0000016cda13dfa0, 0x0000016cda13ee38]
Event: 2.627 Thread 0x0000016cee474700 3875       3       java.lang.invoke.LambdaFormEditor::bindArgumentType (101 bytes)
Event: 2.628 Thread 0x0000016cee474700 nmethod 3875 0x0000016cda13f390 code [0x0000016cda13f540, 0x0000016cda13f750]
Event: 2.628 Thread 0x0000016cee474700 3876       3       java.lang.invoke.LambdaFormEditor::bindArgumentForm (255 bytes)
Event: 2.629 Thread 0x0000016cee474700 nmethod 3876 0x0000016cda13f890 code [0x0000016cda13fc40, 0x0000016cda141010]
Event: 2.630 Thread 0x0000016cee6d7f00 nmethod 3851 0x0000016ce16eb110 code [0x0000016ce16eb5c0, 0x0000016ce16ef4e8]
Event: 2.630 Thread 0x0000016cee6d7f00 3863       4       java.lang.String::indexOf (7 bytes)
Event: 2.631 Thread 0x0000016cee6d7f00 nmethod 3863 0x0000016ce16f1490 code [0x0000016ce16f1640, 0x0000016ce16f18f8]
Event: 2.631 Thread 0x0000016cee6d7f00 3877       4       jdk.internal.org.objectweb.asm.MethodWriter::visitEnd (1 bytes)
Event: 2.631 Thread 0x0000016cee6d7f00 nmethod 3877 0x0000016ce16f1a90 code [0x0000016ce16f1c20, 0x0000016ce16f1ca8]
Event: 2.637 Thread 0x0000016cee474700 3878       3       java.lang.Module::isExported (18 bytes)
Event: 2.638 Thread 0x0000016cee474700 nmethod 3878 0x0000016cda141990 code [0x0000016cda141b80, 0x0000016cda141f68]
Event: 2.660 Thread 0x0000016cee474700 3879       3       java.lang.Module::canRead (86 bytes)
Event: 2.661 Thread 0x0000016cee474700 nmethod 3879 0x0000016cda142110 code [0x0000016cda142500, 0x0000016cda143ee8]
Event: 2.662 Thread 0x0000016cee6d7f00 3880       4       java.security.CodeSource::<init> (52 bytes)
Event: 2.664 Thread 0x0000016cee6d7f00 nmethod 3880 0x0000016ce16f1d90 code [0x0000016ce16f1f40, 0x0000016ce16f2330]
Event: 2.664 Thread 0x0000016cee6d7f00 3881  s!   4       java.util.jar.JarFile::ensureInitialization (59 bytes)
Event: 2.665 Thread 0x0000016cee6d7f00 nmethod 3881 0x0000016ce16f2410 code [0x0000016ce16f25c0, 0x0000016ce16f2968]

GC Heap History (20 events):
Event: 1.345 GC heap before
{Heap before GC invocations=6 (full 0):
 garbage-first heap   total 32768K, used 25843K [0x0000000084a00000, 0x0000000100000000)
  region size 1024K, 11 young (11264K), 1 survivors (1024K)
 Metaspace       used 33964K, committed 34240K, reserved 1114112K
  class space    used 4105K, committed 4224K, reserved 1048576K
}
Event: 1.347 GC heap after
{Heap after GC invocations=7 (full 0):
 garbage-first heap   total 32768K, used 16684K [0x0000000084a00000, 0x0000000100000000)
  region size 1024K, 2 young (2048K), 2 survivors (2048K)
 Metaspace       used 33964K, committed 34240K, reserved 1114112K
  class space    used 4105K, committed 4224K, reserved 1048576K
}
Event: 1.452 GC heap before
{Heap before GC invocations=8 (full 0):
 garbage-first heap   total 32768K, used 25900K [0x0000000084a00000, 0x0000000100000000)
  region size 1024K, 12 young (12288K), 2 survivors (2048K)
 Metaspace       used 36106K, committed 36352K, reserved 1114112K
  class space    used 4345K, committed 4416K, reserved 1048576K
}
Event: 1.455 GC heap after
{Heap after GC invocations=9 (full 0):
 garbage-first heap   total 41984K, used 16987K [0x0000000084a00000, 0x0000000100000000)
  region size 1024K, 1 young (1024K), 1 survivors (1024K)
 Metaspace       used 36106K, committed 36352K, reserved 1114112K
  class space    used 4345K, committed 4416K, reserved 1048576K
}
Event: 1.637 GC heap before
{Heap before GC invocations=9 (full 0):
 garbage-first heap   total 41984K, used 32347K [0x0000000084a00000, 0x0000000100000000)
  region size 1024K, 17 young (17408K), 1 survivors (1024K)
 Metaspace       used 40600K, committed 40896K, reserved 1114112K
  class space    used 4774K, committed 4928K, reserved 1048576K
}
Event: 1.640 GC heap after
{Heap after GC invocations=10 (full 0):
 garbage-first heap   total 41984K, used 17772K [0x0000000084a00000, 0x0000000100000000)
  region size 1024K, 2 young (2048K), 2 survivors (2048K)
 Metaspace       used 40600K, committed 40896K, reserved 1114112K
  class space    used 4774K, committed 4928K, reserved 1048576K
}
Event: 1.893 GC heap before
{Heap before GC invocations=10 (full 0):
 garbage-first heap   total 41984K, used 33132K [0x0000000084a00000, 0x0000000100000000)
  region size 1024K, 18 young (18432K), 2 survivors (2048K)
 Metaspace       used 44857K, committed 45184K, reserved 1114112K
  class space    used 5208K, committed 5376K, reserved 1048576K
}
Event: 1.896 GC heap after
{Heap after GC invocations=11 (full 0):
 garbage-first heap   total 41984K, used 19330K [0x0000000084a00000, 0x0000000100000000)
  region size 1024K, 3 young (3072K), 3 survivors (3072K)
 Metaspace       used 44857K, committed 45184K, reserved 1114112K
  class space    used 5208K, committed 5376K, reserved 1048576K
}
Event: 2.100 GC heap before
{Heap before GC invocations=11 (full 0):
 garbage-first heap   total 41984K, used 33666K [0x0000000084a00000, 0x0000000100000000)
  region size 1024K, 18 young (18432K), 3 survivors (3072K)
 Metaspace       used 47693K, committed 48000K, reserved 1114112K
  class space    used 5498K, committed 5632K, reserved 1048576K
}
Event: 2.106 GC heap after
{Heap after GC invocations=12 (full 0):
 garbage-first heap   total 41984K, used 21006K [0x0000000084a00000, 0x0000000100000000)
  region size 1024K, 3 young (3072K), 3 survivors (3072K)
 Metaspace       used 47693K, committed 48000K, reserved 1114112K
  class space    used 5498K, committed 5632K, reserved 1048576K
}
Event: 2.106 GC heap before
{Heap before GC invocations=12 (full 0):
 garbage-first heap   total 41984K, used 21006K [0x0000000084a00000, 0x0000000100000000)
  region size 1024K, 4 young (4096K), 3 survivors (3072K)
 Metaspace       used 47693K, committed 48000K, reserved 1114112K
  class space    used 5498K, committed 5632K, reserved 1048576K
}
Event: 2.109 GC heap after
{Heap after GC invocations=13 (full 0):
 garbage-first heap   total 51200K, used 21541K [0x0000000084a00000, 0x0000000100000000)
  region size 1024K, 1 young (1024K), 1 survivors (1024K)
 Metaspace       used 47693K, committed 48000K, reserved 1114112K
  class space    used 5498K, committed 5632K, reserved 1048576K
}
Event: 2.160 GC heap before
{Heap before GC invocations=13 (full 0):
 garbage-first heap   total 51200K, used 43045K [0x0000000084a00000, 0x0000000100000000)
  region size 1024K, 22 young (22528K), 1 survivors (1024K)
 Metaspace       used 47835K, committed 48128K, reserved 1114112K
  class space    used 5498K, committed 5632K, reserved 1048576K
}
Event: 2.167 GC heap after
{Heap after GC invocations=14 (full 0):
 garbage-first heap   total 53248K, used 30644K [0x0000000084a00000, 0x0000000100000000)
  region size 1024K, 3 young (3072K), 3 survivors (3072K)
 Metaspace       used 47835K, committed 48128K, reserved 1114112K
  class space    used 5498K, committed 5632K, reserved 1048576K
}
Event: 2.300 GC heap before
{Heap before GC invocations=14 (full 0):
 garbage-first heap   total 53248K, used 43956K [0x0000000084a00000, 0x0000000100000000)
  region size 1024K, 16 young (16384K), 3 survivors (3072K)
 Metaspace       used 49130K, committed 49408K, reserved 1114112K
  class space    used 5627K, committed 5760K, reserved 1048576K
}
Event: 2.306 GC heap after
{Heap after GC invocations=15 (full 0):
 garbage-first heap   total 53248K, used 33716K [0x0000000084a00000, 0x0000000100000000)
  region size 1024K, 2 young (2048K), 2 survivors (2048K)
 Metaspace       used 49130K, committed 49408K, reserved 1114112K
  class space    used 5627K, committed 5760K, reserved 1048576K
}
Event: 2.410 GC heap before
{Heap before GC invocations=16 (full 0):
 garbage-first heap   total 56320K, used 44980K [0x0000000084a00000, 0x0000000100000000)
  region size 1024K, 13 young (13312K), 2 survivors (2048K)
 Metaspace       used 49213K, committed 49472K, reserved 1114112K
  class space    used 5637K, committed 5760K, reserved 1048576K
}
Event: 2.416 GC heap after
{Heap after GC invocations=17 (full 0):
 garbage-first heap   total 56320K, used 38193K [0x0000000084a00000, 0x0000000100000000)
  region size 1024K, 2 young (2048K), 2 survivors (2048K)
 Metaspace       used 49213K, committed 49472K, reserved 1114112K
  class space    used 5637K, committed 5760K, reserved 1048576K
}
Event: 2.528 GC heap before
{Heap before GC invocations=17 (full 0):
 garbage-first heap   total 56320K, used 46385K [0x0000000084a00000, 0x0000000100000000)
  region size 1024K, 11 young (11264K), 2 survivors (2048K)
 Metaspace       used 49849K, committed 50112K, reserved 1114112K
  class space    used 5690K, committed 5824K, reserved 1048576K
}
Event: 2.534 GC heap after
{Heap after GC invocations=18 (full 0):
 garbage-first heap   total 166912K, used 40249K [0x0000000084a00000, 0x0000000100000000)
  region size 1024K, 2 young (2048K), 2 survivors (2048K)
 Metaspace       used 49849K, committed 50112K, reserved 1114112K
  class space    used 5690K, committed 5824K, reserved 1048576K
}

Dll operation events (3 events):
Event: 0.006 Loaded shared library C:\Program Files\Android\Android Studio\jbr\bin\java.dll
Event: 0.009 Loaded shared library C:\Program Files\Android\Android Studio\jbr\bin\zip.dll
Event: 0.795 Loaded shared library C:\Program Files\Android\Android Studio\jbr\bin\verify.dll

Deoptimization events (20 events):
Event: 2.313 Thread 0x0000016cd4503580 DEOPT PACKING pc=0x0000016ce1692bec sp=0x0000002c40cfc5a0
Event: 2.313 Thread 0x0000016cd4503580 DEOPT UNPACKING pc=0x0000016ce0fb7da2 sp=0x0000002c40cfc540 mode 2
Event: 2.315 Thread 0x0000016cd4503580 DEOPT PACKING pc=0x0000016cd9c8431a sp=0x0000002c40cfc0e0
Event: 2.315 Thread 0x0000016cd4503580 DEOPT UNPACKING pc=0x0000016ce0fb88e2 sp=0x0000002c40cfb5a0 mode 0
Event: 2.382 Thread 0x0000016cd4503580 Uncommon trap: trap_request=0xffffff45 fr.pc=0x0000016ce165c0bc relative=0x000000000000021c
Event: 2.382 Thread 0x0000016cd4503580 Uncommon trap: reason=unstable_if action=reinterpret pc=0x0000016ce165c0bc method=sun.nio.fs.WindowsPath.startsWith(Ljava/nio/file/Path;)Z @ 59 c2
Event: 2.382 Thread 0x0000016cd4503580 DEOPT PACKING pc=0x0000016ce165c0bc sp=0x0000002c40cfcb90
Event: 2.382 Thread 0x0000016cd4503580 DEOPT UNPACKING pc=0x0000016ce0fb7da2 sp=0x0000002c40cfcb00 mode 2
Event: 2.394 Thread 0x0000016cd4503580 DEOPT PACKING pc=0x0000016cd9f0c2bd sp=0x0000002c40cfbd00
Event: 2.394 Thread 0x0000016cd4503580 DEOPT UNPACKING pc=0x0000016ce0fb88e2 sp=0x0000002c40cfb1b0 mode 0
Event: 2.431 Thread 0x0000016cd4503580 Uncommon trap: trap_request=0xffffff45 fr.pc=0x0000016ce16a8fe4 relative=0x00000000000052c4
Event: 2.431 Thread 0x0000016cd4503580 Uncommon trap: reason=unstable_if action=reinterpret pc=0x0000016ce16a8fe4 method=org.jetbrains.org.objectweb.asm.ClassReader.readMethod(Lorg/jetbrains/org/objectweb/asm/ClassVisitor;Lorg/jetbrains/org/objectweb/asm/Context;I)I @ 414 c2
Event: 2.431 Thread 0x0000016cd4503580 DEOPT PACKING pc=0x0000016ce16a8fe4 sp=0x0000002c40cfc720
Event: 2.431 Thread 0x0000016cd4503580 DEOPT UNPACKING pc=0x0000016ce0fb7da2 sp=0x0000002c40cfc728 mode 2
Event: 2.437 Thread 0x0000016cd4503580 DEOPT PACKING pc=0x0000016cd9f0c2bd sp=0x0000002c40cfc630
Event: 2.437 Thread 0x0000016cd4503580 DEOPT UNPACKING pc=0x0000016ce0fb88e2 sp=0x0000002c40cfbac0 mode 0
Event: 2.505 Thread 0x0000016cd4503580 Uncommon trap: trap_request=0xffffff45 fr.pc=0x0000016ce1544ae4 relative=0x00000000000000c4
Event: 2.505 Thread 0x0000016cd4503580 Uncommon trap: reason=unstable_if action=reinterpret pc=0x0000016ce1544ae4 method=java.lang.Integer.valueOf(I)Ljava/lang/Integer; @ 3 c2
Event: 2.505 Thread 0x0000016cd4503580 DEOPT PACKING pc=0x0000016ce1544ae4 sp=0x0000002c40cfbb90
Event: 2.505 Thread 0x0000016cd4503580 DEOPT UNPACKING pc=0x0000016ce0fb7da2 sp=0x0000002c40cfbb28 mode 2

Classes loaded (20 events):
Event: 1.950 Loading class java/lang/annotation/ElementType done
Event: 1.950 Loading class java/lang/Deprecated
Event: 1.951 Loading class java/lang/Deprecated done
Event: 1.951 Loading class java/lang/Override
Event: 1.951 Loading class java/lang/Override done
Event: 2.048 Loading class java/text/StringCharacterIterator
Event: 2.048 Loading class java/text/CharacterIterator
Event: 2.048 Loading class java/text/CharacterIterator done
Event: 2.048 Loading class java/text/StringCharacterIterator done
Event: 2.392 Loading class java/util/ArrayList$SubList$1
Event: 2.392 Loading class java/util/ArrayList$SubList$1 done
Event: 2.471 Loading class java/util/AbstractList$ListItr
Event: 2.472 Loading class java/util/AbstractList$ListItr done
Event: 2.662 Loading class java/security/CodeSigner
Event: 2.662 Loading class java/security/CodeSigner done
Event: 2.664 Loading class java/util/function/ToIntFunction
Event: 2.664 Loading class java/util/function/ToIntFunction done
Event: 3.684 Loading class java/util/stream/IntStream
Event: 3.685 Loading class java/util/stream/IntStream done
Event: 3.685 Loading class java/util/stream/LongStream

Classes unloaded (0 events):
No events

Classes redefined (0 events):
No events

Internal exceptions (20 events):
Event: 0.624 Thread 0x0000016cd4503580 Exception <a 'java/lang/NoSuchMethodError'{0x000000008b594248}: 'int java.lang.invoke.DirectMethodHandle$Holder.invokeStaticInit(java.lang.Object, java.lang.Object)'> (0x000000008b594248) 
thrown [s\src\hotspot\share\interpreter\linkResolver.cpp, line 784]
Event: 0.632 Thread 0x0000016cd4503580 Exception <a 'java/lang/NoSuchMethodError'{0x000000008b451940}: 'int java.lang.invoke.DirectMethodHandle$Holder.invokeStatic(java.lang.Object)'> (0x000000008b451940) 
thrown [s\src\hotspot\share\interpreter\linkResolver.cpp, line 784]
Event: 0.633 Thread 0x0000016cd4503580 Exception <a 'java/lang/NoSuchMethodError'{0x000000008b454d88}: 'int java.lang.invoke.DirectMethodHandle$Holder.invokeStaticInit(java.lang.Object)'> (0x000000008b454d88) 
thrown [s\src\hotspot\share\interpreter\linkResolver.cpp, line 784]
Event: 0.705 Thread 0x0000016cd4503580 Exception <a 'java/lang/NoSuchMethodError'{0x000000008c5ced00}: 'void java.lang.invoke.DirectMethodHandle$Holder.invokeStatic(java.lang.Object, java.lang.Object, java.lang.Object, java.lang.Object)'> (0x000000008c5ced00) 
thrown [s\src\hotspot\share\interpreter\linkResolver.cpp, line 784]
Event: 0.724 Thread 0x0000016cd4503580 Exception <a 'java/lang/NoSuchMethodError'{0x0000000086060770}: 'java.lang.Object java.lang.invoke.DirectMethodHandle$Holder.invokeInterface(java.lang.Object, java.lang.Object)'> (0x0000000086060770) 
thrown [s\src\hotspot\share\interpreter\linkResolver.cpp, line 784]
Event: 0.745 Thread 0x0000016cd4503580 Exception <a 'java/lang/NoSuchMethodError'{0x0000000085ecac90}: 'void java.lang.invoke.DirectMethodHandle$Holder.invokeStaticInit(java.lang.Object, java.lang.Object)'> (0x0000000085ecac90) 
thrown [s\src\hotspot\share\interpreter\linkResolver.cpp, line 784]
Event: 0.766 Thread 0x0000016cd4503580 Exception <a 'java/lang/NoSuchMethodError'{0x0000000085cad788}: 'int java.lang.invoke.DirectMethodHandle$Holder.invokeVirtual(java.lang.Object, java.lang.Object, java.lang.Object)'> (0x0000000085cad788) 
thrown [s\src\hotspot\share\interpreter\linkResolver.cpp, line 784]
Event: 0.786 Thread 0x0000016cd4503580 Exception <a 'java/lang/NoSuchMethodError'{0x0000000085a7d898}: 'void java.lang.invoke.Invokers$Holder.invokeExact_MT(java.lang.Object, int, java.lang.Object)'> (0x0000000085a7d898) 
thrown [s\src\hotspot\share\interpreter\linkResolver.cpp, line 784]
Event: 0.835 Thread 0x0000016cd4503580 Exception <a 'java/lang/NoSuchMethodError'{0x000000008550bfa0}: 'void java.lang.invoke.DirectMethodHandle$Holder.invokeVirtual(java.lang.Object, java.lang.Object)'> (0x000000008550bfa0) 
thrown [s\src\hotspot\share\interpreter\linkResolver.cpp, line 784]
Event: 0.847 Thread 0x0000016cd4503580 Exception <a 'java/lang/NoSuchMethodError'{0x0000000085588548}: 'long java.lang.invoke.DirectMethodHandle$Holder.invokeStatic(java.lang.Object, java.lang.Object, int)'> (0x0000000085588548) 
thrown [s\src\hotspot\share\interpreter\linkResolver.cpp, line 784]
Event: 0.847 Thread 0x0000016cd4503580 Exception <a 'java/lang/NoSuchMethodError'{0x0000000085593530}: 'java.lang.Object java.lang.invoke.DelegatingMethodHandle$Holder.reinvoke_L(java.lang.Object, int, long, java.lang.Object, java.lang.Object, int, java.lang.Object)'> (0x0000000085593530) 
thrown [s\src\hotspot\share\interpreter\linkResolver.cpp, line 784]
Event: 0.851 Thread 0x0000016cd4503580 Exception <a 'java/lang/NoSuchMethodError'{0x00000000855ba880}: 'java.lang.Object java.lang.invoke.DirectMethodHandle$Holder.invokeStatic(java.lang.Object, java.lang.Object, int)'> (0x00000000855ba880) 
thrown [s\src\hotspot\share\interpreter\linkResolver.cpp, line 784]
Event: 0.852 Thread 0x0000016cd4503580 Exception <a 'java/lang/NoSuchMethodError'{0x00000000855c5ee0}: 'void java.lang.invoke.DelegatingMethodHandle$Holder.delegate(java.lang.Object, java.lang.Object, int, java.lang.Object)'> (0x00000000855c5ee0) 
thrown [s\src\hotspot\share\interpreter\linkResolver.cpp, line 784]
Event: 0.980 Thread 0x0000016cd4503580 Exception <a 'java/lang/NoSuchMethodError'{0x0000000085b30c50}: 'java.lang.Object java.lang.invoke.DirectMethodHandle$Holder.invokeStatic(java.lang.Object, java.lang.Object, int, java.lang.Object)'> (0x0000000085b30c50) 
thrown [s\src\hotspot\share\interpreter\linkResolver.cpp, line 784]
Event: 1.053 Thread 0x0000016cd4503580 Exception <a 'java/lang/NoSuchMethodError'{0x000000008c576e08}: 'java.lang.Object java.lang.invoke.DirectMethodHandle$Holder.newInvokeSpecial(java.lang.Object, java.lang.Object, java.lang.Object, java.lang.Object, java.lang.Object, java.lang.Object)'> (0x000000008c576e08) 
thrown [s\src\hotspot\share\interpreter\linkResolver.cpp, line 784]
Event: 1.377 Thread 0x0000016cd4503580 Exception <a 'java/lang/NoSuchMethodError'{0x000000008affb2e8}: 'java.lang.Object java.lang.invoke.DirectMethodHandle$Holder.newInvokeSpecial(java.lang.Object, java.lang.Object, java.lang.Object, java.lang.Object, java.lang.Object, java.lang.Object, java.lang.Object)'> (0x000000008affb2e8) 
thrown [s\src\hotspot\share\interpreter\linkResolver.cpp, line 784]
Event: 1.544 Thread 0x0000016cd4503580 Exception <a 'java/lang/NoSuchMethodError'{0x0000000086ac26d8}: 'java.lang.Object java.lang.invoke.DirectMethodHandle$Holder.invokeVirtual(java.lang.Object, java.lang.Object, java.lang.Object)'> (0x0000000086ac26d8) 
thrown [s\src\hotspot\share\interpreter\linkResolver.cpp, line 784]
Event: 1.625 Thread 0x0000016cd4503580 Exception <a 'java/lang/NoSuchMethodError'{0x000000008632cf70}: 'java.lang.Object java.lang.invoke.DirectMethodHandle$Holder.newInvokeSpecial(java.lang.Object, java.lang.Object, int)'> (0x000000008632cf70) 
thrown [s\src\hotspot\share\interpreter\linkResolver.cpp, line 784]
Event: 2.202 Thread 0x0000016cd4503580 Exception <a 'java/lang/NoSuchMethodError'{0x00000000876f5bc8}: 'java.lang.Object java.lang.invoke.DirectMethodHandle$Holder.newInvokeSpecial(java.lang.Object, java.lang.Object, java.lang.Object, int, java.lang.Object)'> (0x00000000876f5bc8) 
thrown [s\src\hotspot\share\interpreter\linkResolver.cpp, line 784]
Event: 2.235 Thread 0x0000016cd4503580 Implicit null exception at 0x0000016ce1635f20 to 0x0000016ce1636144

ZGC Phase Switch (0 events):
No events

VM Operations (20 events):
Event: 2.321 Executing VM operation: G1PauseRemark
Event: 2.324 Executing VM operation: G1PauseRemark done
Event: 2.329 Executing VM operation: G1PauseCleanup
Event: 2.329 Executing VM operation: G1PauseCleanup done
Event: 2.409 Executing VM operation: G1CollectForAllocation (G1 Evacuation Pause)
Event: 2.416 Executing VM operation: G1CollectForAllocation (G1 Evacuation Pause) done
Event: 2.472 Executing VM operation: HandshakeAllThreads (Deoptimize)
Event: 2.472 Executing VM operation: HandshakeAllThreads (Deoptimize) done
Event: 2.528 Executing VM operation: G1CollectForAllocation (G1 Evacuation Pause)
Event: 2.534 Executing VM operation: G1CollectForAllocation (G1 Evacuation Pause) done
Event: 2.544 Executing VM operation: HandshakeAllThreads (Deoptimize)
Event: 2.544 Executing VM operation: HandshakeAllThreads (Deoptimize) done
Event: 2.646 Executing VM operation: HandshakeAllThreads (Deoptimize)
Event: 2.646 Executing VM operation: HandshakeAllThreads (Deoptimize) done
Event: 2.660 Executing VM operation: HandshakeAllThreads (Deoptimize)
Event: 2.660 Executing VM operation: HandshakeAllThreads (Deoptimize) done
Event: 3.665 Executing VM operation: Cleanup
Event: 3.665 Executing VM operation: Cleanup done
Event: 3.682 Executing VM operation: HandshakeAllThreads (Deoptimize)
Event: 3.682 Executing VM operation: HandshakeAllThreads (Deoptimize) done

Memory protections (0 events):
No events

Nmethod flushes (20 events):
Event: 2.324 Thread 0x0000016cee4285f0 flushing  nmethod 0x0000016cd9c28790
Event: 2.324 Thread 0x0000016cee4285f0 flushing  nmethod 0x0000016cd9c29010
Event: 2.324 Thread 0x0000016cee4285f0 flushing  nmethod 0x0000016cd9c29710
Event: 2.324 Thread 0x0000016cee4285f0 flushing  nmethod 0x0000016cd9c2a710
Event: 2.324 Thread 0x0000016cee4285f0 flushing  nmethod 0x0000016cd9c2ca10
Event: 2.324 Thread 0x0000016cee4285f0 flushing  nmethod 0x0000016cd9c35b10
Event: 2.324 Thread 0x0000016cee4285f0 flushing  nmethod 0x0000016cd9c36490
Event: 2.324 Thread 0x0000016cee4285f0 flushing  nmethod 0x0000016cd9c37910
Event: 2.324 Thread 0x0000016cee4285f0 flushing  nmethod 0x0000016cd9c37c90
Event: 2.324 Thread 0x0000016cee4285f0 flushing  nmethod 0x0000016cd9c38190
Event: 2.324 Thread 0x0000016cee4285f0 flushing  nmethod 0x0000016cd9c38a90
Event: 2.324 Thread 0x0000016cee4285f0 flushing  nmethod 0x0000016cd9c3c190
Event: 2.324 Thread 0x0000016cee4285f0 flushing  nmethod 0x0000016cd9c3d410
Event: 2.324 Thread 0x0000016cee4285f0 flushing  nmethod 0x0000016cd9c54a90
Event: 2.324 Thread 0x0000016cee4285f0 flushing  nmethod 0x0000016cd9c55390
Event: 2.324 Thread 0x0000016cee4285f0 flushing  nmethod 0x0000016cd9c7bb90
Event: 2.324 Thread 0x0000016cee4285f0 flushing  nmethod 0x0000016cd9c82090
Event: 2.324 Thread 0x0000016cee4285f0 flushing  nmethod 0x0000016cd9c82410
Event: 2.324 Thread 0x0000016cee4285f0 flushing  nmethod 0x0000016cd9c92290
Event: 2.324 Thread 0x0000016cee4285f0 flushing  nmethod 0x0000016cd9cb7590

Events (20 events):
Event: 0.040 Thread 0x0000016cd4503580 Thread added: 0x0000016cee492510
Event: 0.040 Thread 0x0000016cd4503580 Thread added: 0x0000016cee492f60
Event: 0.041 Thread 0x0000016cd4503580 Thread added: 0x0000016cee4af100
Event: 0.041 Thread 0x0000016cd4503580 Thread added: 0x0000016cee47e2f0
Event: 0.041 Thread 0x0000016cd4503580 Thread added: 0x0000016cee47ed40
Event: 0.041 Thread 0x0000016cd4503580 Thread added: 0x0000016cee4949c0
Event: 0.041 Thread 0x0000016cd4503580 Thread added: 0x0000016cee495350
Event: 0.041 Thread 0x0000016cd4503580 Thread added: 0x0000016cee474700
Event: 0.069 Thread 0x0000016cd4503580 Thread added: 0x0000016cee6586d0
Event: 0.072 Thread 0x0000016cd4503580 Thread added: 0x0000016cee661c20
Event: 0.078 Loaded shared library C:\Program Files\Android\Android Studio\jbr\bin\net.dll
Event: 0.080 Loaded shared library C:\Program Files\Android\Android Studio\jbr\bin\nio.dll
Event: 0.095 Thread 0x0000016cee495350 Thread added: 0x0000016cee6d7f00
Event: 0.095 Thread 0x0000016cee495350 Thread added: 0x0000016cee6d85a0
Event: 0.101 Loaded shared library C:\Program Files\Android\Android Studio\jbr\bin\zip.dll
Event: 0.125 Loaded shared library C:\Program Files\Android\Android Studio\jbr\bin\jimage.dll
Event: 1.478 Thread 0x0000016cee6d85a0 Thread exited: 0x0000016cee6d85a0
Event: 1.701 Thread 0x0000016cee474700 Thread added: 0x0000016cf5dc5570
Event: 1.849 Thread 0x0000016cf5dc5570 Thread exited: 0x0000016cf5dc5570
Event: 2.109 Thread 0x0000016cee474700 Thread added: 0x0000016cf665b680


Dynamic libraries:
0x00007ff61b140000 - 0x00007ff61b14a000 	C:\Program Files\Android\Android Studio\jbr\bin\java.exe
0x00007ffc26180000 - 0x00007ffc263e6000 	C:\WINDOWS\SYSTEM32\ntdll.dll
0x00007ffc24990000 - 0x00007ffc24a59000 	C:\WINDOWS\System32\KERNEL32.DLL
0x00007ffc233d0000 - 0x00007ffc2379c000 	C:\WINDOWS\System32\KERNELBASE.dll
0x00007ffc23920000 - 0x00007ffc23a6b000 	C:\WINDOWS\System32\ucrtbase.dll
0x00007ffc20d10000 - 0x00007ffc20d28000 	C:\Program Files\Android\Android Studio\jbr\bin\jli.dll
0x00007ffc0ae30000 - 0x00007ffc0ae4b000 	C:\Program Files\Android\Android Studio\jbr\bin\VCRUNTIME140.dll
0x00007ffc25f40000 - 0x00007ffc2610a000 	C:\WINDOWS\System32\USER32.dll
0x00007ffc04bc0000 - 0x00007ffc04e5a000 	C:\WINDOWS\WinSxS\amd64_microsoft.windows.common-controls_6595b64144ccf1df_6.0.26100.3912_none_3e07963ce335137e\COMCTL32.dll
0x00007ffc237a0000 - 0x00007ffc237c7000 	C:\WINDOWS\System32\win32u.dll
0x00007ffc26110000 - 0x00007ffc2613b000 	C:\WINDOWS\System32\GDI32.dll
0x00007ffc247c0000 - 0x00007ffc24869000 	C:\WINDOWS\System32\msvcrt.dll
0x00007ffc23bf0000 - 0x00007ffc23d22000 	C:\WINDOWS\System32\gdi32full.dll
0x00007ffc23870000 - 0x00007ffc23913000 	C:\WINDOWS\System32\msvcp_win.dll
0x00007ffc25d20000 - 0x00007ffc25d50000 	C:\WINDOWS\System32\IMM32.DLL
0x00007ffc09d50000 - 0x00007ffc09d5c000 	C:\Program Files\Android\Android Studio\jbr\bin\vcruntime140_1.dll
0x00007ffbe9b50000 - 0x00007ffbe9bdd000 	C:\Program Files\Android\Android Studio\jbr\bin\msvcp140.dll
0x00007ffbb70a0000 - 0x00007ffbb7d2b000 	C:\Program Files\Android\Android Studio\jbr\bin\server\jvm.dll
0x00007ffc248c0000 - 0x00007ffc24972000 	C:\WINDOWS\System32\ADVAPI32.dll
0x00007ffc244a0000 - 0x00007ffc24546000 	C:\WINDOWS\System32\sechost.dll
0x00007ffc25990000 - 0x00007ffc25aa6000 	C:\WINDOWS\System32\RPCRT4.dll
0x00007ffc25dc0000 - 0x00007ffc25e34000 	C:\WINDOWS\System32\WS2_32.dll
0x00007ffc22070000 - 0x00007ffc220ce000 	C:\WINDOWS\SYSTEM32\POWRPROF.dll
0x00007ffc20cf0000 - 0x00007ffc20cfb000 	C:\WINDOWS\SYSTEM32\VERSION.dll
0x00007ffc16f20000 - 0x00007ffc16f56000 	C:\WINDOWS\SYSTEM32\WINMM.dll
0x00007ffc22050000 - 0x00007ffc22064000 	C:\WINDOWS\SYSTEM32\UMPDC.dll
0x00007ffc221d0000 - 0x00007ffc221ea000 	C:\WINDOWS\SYSTEM32\kernel.appcore.dll
0x00007ffc09d40000 - 0x00007ffc09d4a000 	C:\Program Files\Android\Android Studio\jbr\bin\jimage.dll
0x00007ffc1fed0000 - 0x00007ffc20111000 	C:\WINDOWS\SYSTEM32\DBGHELP.DLL
0x00007ffc24030000 - 0x00007ffc243b4000 	C:\WINDOWS\System32\combase.dll
0x00007ffc23f40000 - 0x00007ffc24020000 	C:\WINDOWS\System32\OLEAUT32.dll
0x00007ffbeefc0000 - 0x00007ffbeeff9000 	C:\WINDOWS\SYSTEM32\dbgcore.DLL
0x00007ffc237d0000 - 0x00007ffc23869000 	C:\WINDOWS\System32\bcryptPrimitives.dll
0x00007ffc09d20000 - 0x00007ffc09d40000 	C:\Program Files\Android\Android Studio\jbr\bin\java.dll
0x00007ffc05200000 - 0x00007ffc05218000 	C:\Program Files\Android\Android Studio\jbr\bin\zip.dll
0x00007ffc24cc0000 - 0x00007ffc253ed000 	C:\WINDOWS\System32\SHELL32.dll
0x00007ffc23a70000 - 0x00007ffc23be4000 	C:\WINDOWS\System32\wintypes.dll
0x00007ffc20f60000 - 0x00007ffc217b6000 	C:\WINDOWS\SYSTEM32\windows.storage.dll
0x00007ffc25e40000 - 0x00007ffc25f2f000 	C:\WINDOWS\System32\SHCORE.dll
0x00007ffc24c20000 - 0x00007ffc24c89000 	C:\WINDOWS\System32\shlwapi.dll
0x00007ffc23220000 - 0x00007ffc2324f000 	C:\WINDOWS\SYSTEM32\profapi.dll
0x00007ffc09d10000 - 0x00007ffc09d20000 	C:\Program Files\Android\Android Studio\jbr\bin\net.dll
0x00007ffc15730000 - 0x00007ffc1584e000 	C:\WINDOWS\SYSTEM32\WINHTTP.dll
0x00007ffc22760000 - 0x00007ffc227ca000 	C:\WINDOWS\system32\mswsock.dll
0x00007ffbf7720000 - 0x00007ffbf7736000 	C:\Program Files\Android\Android Studio\jbr\bin\nio.dll
0x00007ffbf48d0000 - 0x00007ffbf48e0000 	C:\Program Files\Android\Android Studio\jbr\bin\verify.dll

dbghelp: loaded successfully - version: 4.0.5 - missing functions: none
symbol engine: initialized successfully - sym options: 0x614 - pdb path: .;C:\Program Files\Android\Android Studio\jbr\bin;C:\WINDOWS\SYSTEM32;C:\WINDOWS\WinSxS\amd64_microsoft.windows.common-controls_6595b64144ccf1df_6.0.26100.3912_none_3e07963ce335137e;C:\Program Files\Android\Android Studio\jbr\bin\server

VM Arguments:
java_command: org.jetbrains.kotlin.cli.jvm.K2JVMCompiler @D:\Android Project\ShoppingCart\app\build\20250519_8792923351497177721.compiler.options
java_class_path (initial): C:\Users\MSI\.gradle\caches\modules-2\files-2.1\org.jetbrains.kotlin\kotlin-compiler-embeddable\2.0.21\79346ed53db48b18312a472602eb5c057070c54d\kotlin-compiler-embeddable-2.0.21.jar;C:\Users\MSI\.gradle\caches\modules-2\files-2.1\org.jetbrains.kotlin\kotlin-stdlib\2.0.21\618b539767b4899b4660a83006e052b63f1db551\kotlin-stdlib-2.0.21.jar;C:\Users\MSI\.gradle\caches\modules-2\files-2.1\org.jetbrains.kotlin\kotlin-script-runtime\2.0.21\c9b044380ad41f89aa89aa896c2d32a8c0b2129d\kotlin-script-runtime-2.0.21.jar;C:\Users\MSI\.gradle\caches\modules-2\files-2.1\org.jetbrains.kotlin\kotlin-reflect\1.6.10\1cbe9c92c12a94eea200d23c2bbaedaf3daf5132\kotlin-reflect-1.6.10.jar;C:\Users\MSI\.gradle\caches\modules-2\files-2.1\org.jetbrains.kotlin\kotlin-daemon-embeddable\2.0.21\c9e933b23287de9b5a17e2116b4657bb91aea72c\kotlin-daemon-embeddable-2.0.21.jar;C:\Users\MSI\.gradle\caches\modules-2\files-2.1\org.jetbrains.intellij.deps\trove4j\1.0.20200330\3afb14d5f9ceb459d724e907a21145e8ff394f02\trove4j-1.0.20200330.jar;C:\Users\MSI\.gradle\caches\modules-2\files-2.1\org.jetbrains.kotlinx\kotlinx-coroutines-core-jvm\1.6.4\2c997cd1c0ef33f3e751d3831929aeff1390cb30\kotlinx-coroutines-core-jvm-1.6.4.jar;C:\Users\MSI\.gradle\caches\modules-2\files-2.1\org.jetbrains\annotations\13.0\919f0dfe192fb4e063e7dacadee7f8bb9a2672a9\annotations-13.0.jar
Launcher Type: SUN_STANDARD

[Global flags]
     intx CICompilerCount                          = 4                                         {product} {ergonomic}
     uint ConcGCThreads                            = 3                                         {product} {ergonomic}
     uint G1ConcRefinementThreads                  = 10                                        {product} {ergonomic}
   size_t G1HeapRegionSize                         = 1048576                                   {product} {ergonomic}
    uintx GCDrainStackTargetSize                   = 64                                        {product} {ergonomic}
   size_t InitialHeapSize                          = 130023424                                 {product} {ergonomic}
   size_t MarkStackSize                            = 4194304                                   {product} {ergonomic}
   size_t MaxHeapSize                              = 2069889024                                {product} {ergonomic}
   size_t MaxNewSize                               = 1241513984                                {product} {ergonomic}
   size_t MinHeapDeltaBytes                        = 1048576                                   {product} {ergonomic}
   size_t MinHeapSize                              = 8388608                                   {product} {ergonomic}
    uintx NonNMethodCodeHeapSize                   = 5839372                                {pd product} {ergonomic}
    uintx NonProfiledCodeHeapSize                  = 122909434                              {pd product} {ergonomic}
    uintx ProfiledCodeHeapSize                     = 122909434                              {pd product} {ergonomic}
    uintx ReservedCodeCacheSize                    = 251658240                              {pd product} {ergonomic}
     bool SegmentedCodeCache                       = true                                      {product} {ergonomic}
   size_t SoftMaxHeapSize                          = 2069889024                             {manageable} {ergonomic}
     bool UseCompressedOops                        = true                           {product lp64_product} {ergonomic}
     bool UseG1GC                                  = true                                      {product} {ergonomic}
     bool UseLargePagesIndividualAllocation        = false                                  {pd product} {ergonomic}

Logging:
Log output configuration:
 #0: stdout all=warning uptime,level,tags foldmultilines=false
 #1: stderr all=off uptime,level,tags foldmultilines=false

Environment Variables:
JAVA_HOME=C:\Program Files\Java\jdk-21\bin
PATH=C:\Program Files\Eclipse Adoptium\jdk-21.0.7.6-hotspot\bin;C:\Program Files\Eclipse Adoptium\jdk-11.0.27.6-hotspot\bin;c:\Users\MSI\AppData\Local\Programs\cursor\resources\app\bin;C:\Python312\Scripts\;C:\Python312\;C:\Program Files\Common Files\Oracle\Java\javapath;C:\Program Files (x86)\Common Files\Oracle\Java\java8path;C:\Program Files (x86)\Common Files\Oracle\Java\javapath;C:\oraclexe\app\oracle\product\10.2.0\server\bin;C:\WINDOWS\system32;C:\WINDOWS;C:\WINDOWS\System32\Wbem;C:\WINDOWS\System32\WindowsPowerShell\v1.0\;C:\WINDOWS\System32\OpenSSH\;C:\MinGW\bin;C:\Program Files\Java\jdk-23\bin;C:\Program Files (x86)\dotnet\;C:\ProgramData\chocolatey\bin;C:\Users\MSI\AppData\Local\Android\Sdk\platform-tools;C:\Users\MSI\AppData\Local\Android\Sdk\emulator;C:\BCA Softwares\sqlite3;C:\Program Files\NVIDIA Corporation\NVIDIA NvDLISR;C:\Program Files\dotnet\;C:\Program Files\Microsoft SQL Server\150\Tools\Binn\;C:\Program Files (x86)\Microsoft ASP.NET\ASP.NET Web Pages\v1.0\;C:\Program Files\Mic;C:\Program Files\Git\cmd;C:\Program Files\nodejs\;C:\Program Files\Microsoft\Web Platform Installer\;C:\Program Files\Java\jdk-23\bin;C:\Users\MSI\AppData\Local\Microsoft\WindowsApps;C:\flutter\bin;C:\platform-tools;C:\Users\MSI\AppData\Local\Programs\Microsoft VS Code\bin;C:\Users\MSI\AppData\Local\Microsoft\WindowsApps;C:\Users\MSI\.dotnet\tools;C:\Program Files\dotnet;C:\Program Files (x86)\dotnet;C:\Users\MSI\AppData\Roaming\npm;C:\Users\MSI\AppData\Local\Programs\Fiddler
USERNAME=MSI
OS=Windows_NT
PROCESSOR_IDENTIFIER=Intel64 Family 6 Model 141 Stepping 1, GenuineIntel
TMP=C:\Users\MSI\AppData\Local\Temp
TEMP=C:\Users\MSI\AppData\Local\Temp




Periodic native trim disabled

JNI global refs:
JNI global refs: 9, weak refs: 0

JNI global refs memory usage: 835, weak refs: 201

Process memory usage:
Resident Set Size: 238532K (2% of 8083128K total physical memory with 799712K free physical memory)

OOME stack traces (most recent first):
Classloader memory used:
Loader jdk.internal.loader.ClassLoaders$AppClassLoader                                 : 41681K
Loader bootstrap                                                                       : 10584K
Loader java.net.URLClassLoader                                                         : 346K

---------------  S Y S T E M  ---------------

OS:
 Windows 11 , 64 bit Build 26100 (10.0.26100.3912)
OS uptime: 0 days 2:39 hours
Hyper-V role detected

CPU: total 12 (initial active 12) (6 cores per cpu, 2 threads per core) family 6 model 141 stepping 1 microcode 0x34, cx8, cmov, fxsr, ht, mmx, 3dnowpref, sse, sse2, sse3, ssse3, sse4.1, sse4.2, popcnt, lzcnt, tsc, tscinvbit, avx, avx2, aes, erms, clmul, bmi1, bmi2, adx, avx512f, avx512dq, avx512cd, avx512bw, avx512vl, sha, fma, vzeroupper, avx512_vpopcntdq, avx512_vpclmulqdq, avx512_vaes, avx512_vnni, clflush, clflushopt, clwb, avx512_vbmi2, avx512_vbmi, hv, rdtscp, rdpid, fsrm, gfni, avx512_bitalg, f16c, cet_ibt, cet_ss, avx512_ifma
Processor Information for the first 12 processors :
  Max Mhz: 2611, Current Mhz: 2611, Mhz Limit: 2611

Memory: 4k page, system-wide physical 7893M (780M free)
TotalPageFile size 16057M (AvailPageFile size 6M)
current process WorkingSet (physical memory assigned to process): 233M, peak: 234M
current process commit charge ("private bytes"): 373M, peak: 375M

vm_info: OpenJDK 64-Bit Server VM (21.0.6+-13368085-b895.109) for windows-amd64 JRE (21.0.6+-13368085-b895.109), built on 2025-04-16T17:01:31Z by "builder" with MS VC++ 16.10 / 16.11 (VS2019)

END.
